# JRE version: OpenJDK Runtime Environment Microsoft-8035246 (17.0.8+7) (build 17.0.8+7-LTS)
# Java VM: OpenJDK 64-Bit Server VM Microsoft-8035246 (17.0.8+7-LTS, mixed mode, sharing, tiered, compressed oops, compressed class ptrs, g1 gc, windows-amd64)
GC Precious Log:
 CPUs: 8 total, 8 available
 Memory: 8039M
 Large Page Support: Disabled
 NUMA Support: Disabled
 Compressed Oops: Enabled (32-bit)
 Heap Region Size: 1M
 Heap Min Capacity: 8M
 Heap Initial Capacity: 126M
 Heap Max Capacity: 2010M
 Pre-touch: Disabled
 Parallel Workers: 8
 Concurrent Workers: 2
 Concurrent Refinement Workers: 8
 Periodic GC: Disabled
Heap:
 garbage-first heap   total 137216K, used 71027K [0x0000000082600000, 0x0000000100000000)
  region size 1024K, 31 young (31744K), 8 survivors (8192K)
 Metaspace       used 55691K, committed 56000K, reserved 1114112K
  class space    used 6511K, committed 6656K, reserved 1048576K
GC Heap History (20 events):
Event: 1.095 GC heap before
{Heap before GC invocations=0 (full 0):
 garbage-first heap   total 129024K, used 27648K [0x0000000082600000, 0x0000000100000000)
  region size 1024K, 23 young (23552K), 0 survivors (0K)
 Metaspace       used 7208K, committed 7360K, reserved 1114112K
  class space    used 756K, committed 832K, reserved 1048576K
}
Event: 1.101 GC heap after
{Heap after GC invocations=1 (full 0):
 garbage-first heap   total 129024K, used 6939K [0x0000000082600000, 0x0000000100000000)
  region size 1024K, 3 young (3072K), 3 survivors (3072K)
 Metaspace       used 7208K, committed 7360K, reserved 1114112K
  class space    used 756K, committed 832K, reserved 1048576K
}
Event: 2.329 GC heap before
{Heap before GC invocations=1 (full 0):
 garbage-first heap   total 129024K, used 46875K [0x0000000082600000, 0x0000000100000000)
  region size 1024K, 36 young (36864K), 3 survivors (3072K)
 Metaspace       used 16870K, committed 17152K, reserved 1114112K
  class space    used 2228K, committed 2368K, reserved 1048576K
}
Event: 2.341 GC heap after
{Heap after GC invocations=2 (full 0):
 garbage-first heap   total 129024K, used 17167K [0x0000000082600000, 0x0000000100000000)
  region size 1024K, 4 young (4096K), 4 survivors (4096K)
 Metaspace       used 16870K, committed 17152K, reserved 1114112K
  class space    used 2228K, committed 2368K, reserved 1048576K
}
Event: 3.634 GC heap before
{Heap before GC invocations=2 (full 0):
 garbage-first heap   total 129024K, used 74511K [0x0000000082600000, 0x0000000100000000)
  region size 1024K, 59 young (60416K), 4 survivors (4096K)
 Metaspace       used 21297K, committed 21504K, reserved 1114112K
  class space    used 2905K, committed 3008K, reserved 1048576K
}
Event: 3.674 GC heap after
{Heap after GC invocations=3 (full 0):
 garbage-first heap   total 129024K, used 22775K [0x0000000082600000, 0x0000000100000000)
  region size 1024K, 10 young (10240K), 10 survivors (10240K)
 Metaspace       used 21297K, committed 21504K, reserved 1114112K
  class space    used 2905K, committed 3008K, reserved 1048576K
}
Event: 4.007 GC heap before
{Heap before GC invocations=4 (full 0):
 garbage-first heap   total 81920K, used 38135K [0x0000000082600000, 0x0000000100000000)
  region size 1024K, 17 young (17408K), 10 survivors (10240K)
 Metaspace       used 22058K, committed 22272K, reserved 1114112K
  class space    used 3000K, committed 3136K, reserved 1048576K
}
Event: 4.051 GC heap after
{Heap after GC invocations=5 (full 0):
 garbage-first heap   total 81920K, used 33391K [0x0000000082600000, 0x0000000100000000)
  region size 1024K, 2 young (2048K), 2 survivors (2048K)
 Metaspace       used 22058K, committed 22272K, reserved 1114112K
  class space    used 3000K, committed 3136K, reserved 1048576K
}
Event: 4.125 GC heap before
{Heap before GC invocations=5 (full 0):
 garbage-first heap   total 81920K, used 35439K [0x0000000082600000, 0x0000000100000000)
  region size 1024K, 4 young (4096K), 2 survivors (2048K)
 Metaspace       used 22442K, committed 22720K, reserved 1114112K
  class space    used 3040K, committed 3136K, reserved 1048576K
}
Event: 4.137 GC heap after
{Heap after GC invocations=6 (full 0):
 garbage-first heap   total 81920K, used 34221K [0x0000000082600000, 0x0000000100000000)
  region size 1024K, 1 young (1024K), 1 survivors (1024K)
 Metaspace       used 22442K, committed 22720K, reserved 1114112K
  class space    used 3040K, committed 3136K, reserved 1048576K
}
Event: 5.055 GC heap before
{Heap before GC invocations=6 (full 0):
 garbage-first heap   total 81920K, used 60845K [0x0000000082600000, 0x0000000100000000)
  region size 1024K, 27 young (27648K), 1 survivors (1024K)
 Metaspace       used 27820K, committed 28096K, reserved 1114112K
  class space    used 3530K, committed 3648K, reserved 1048576K
}
Event: 5.067 GC heap after
{Heap after GC invocations=7 (full 0):
 garbage-first heap   total 81920K, used 36779K [0x0000000082600000, 0x0000000100000000)
  region size 1024K, 4 young (4096K), 4 survivors (4096K)
 Metaspace       used 27820K, committed 28096K, reserved 1114112K
  class space    used 3530K, committed 3648K, reserved 1048576K
}
Event: 6.204 GC heap before
{Heap before GC invocations=7 (full 0):
 garbage-first heap   total 81920K, used 60331K [0x0000000082600000, 0x0000000100000000)
  region size 1024K, 28 young (28672K), 4 survivors (4096K)
 Metaspace       used 33562K, committed 33792K, reserved 1114112K
  class space    used 4204K, committed 4288K, reserved 1048576K
}
Event: 6.225 GC heap after
{Heap after GC invocations=8 (full 0):
 garbage-first heap   total 81920K, used 38447K [0x0000000082600000, 0x0000000100000000)
  region size 1024K, 2 young (2048K), 2 survivors (2048K)
 Metaspace       used 33562K, committed 33792K, reserved 1114112K
  class space    used 4204K, committed 4288K, reserved 1048576K
}
Event: 6.707 GC heap before
{Heap before GC invocations=8 (full 0):
 garbage-first heap   total 81920K, used 46639K [0x0000000082600000, 0x0000000100000000)
  region size 1024K, 12 young (12288K), 2 survivors (2048K)
 Metaspace       used 35882K, committed 36096K, reserved 1114112K
  class space    used 4504K, committed 4608K, reserved 1048576K
}
Event: 6.720 GC heap after
{Heap after GC invocations=9 (full 0):
 garbage-first heap   total 148480K, used 39076K [0x0000000082600000, 0x0000000100000000)
  region size 1024K, 3 young (3072K), 3 survivors (3072K)
 Metaspace       used 35882K, committed 36096K, reserved 1114112K
  class space    used 4504K, committed 4608K, reserved 1048576K
}
Event: 8.672 GC heap before
{Heap before GC invocations=10 (full 0):
 garbage-first heap   total 137216K, used 99492K [0x0000000082600000, 0x0000000100000000)
  region size 1024K, 61 young (62464K), 3 survivors (3072K)
 Metaspace       used 41825K, committed 42112K, reserved 1114112K
  class space    used 5149K, committed 5312K, reserved 1048576K
}
Event: 8.689 GC heap after
{Heap after GC invocations=11 (full 0):
 garbage-first heap   total 137216K, used 43095K [0x0000000082600000, 0x0000000100000000)
  region size 1024K, 7 young (7168K), 7 survivors (7168K)
 Metaspace       used 41825K, committed 42112K, reserved 1114112K
  class space    used 5149K, committed 5312K, reserved 1048576K
}
Event: 11.428 GC heap before
{Heap before GC invocations=12 (full 0):
 garbage-first heap   total 137216K, used 96343K [0x0000000082600000, 0x0000000100000000)
  region size 1024K, 59 young (60416K), 7 survivors (7168K)
 Metaspace       used 49878K, committed 50240K, reserved 1114112K
  class space    used 5930K, committed 6080K, reserved 1048576K
}
Event: 11.460 GC heap after
{Heap after GC invocations=13 (full 0):
 garbage-first heap   total 137216K, used 48499K [0x0000000082600000, 0x0000000100000000)
  region size 1024K, 8 young (8192K), 8 survivors (8192K)
 Metaspace       used 49878K, committed 50240K, reserved 1114112K
  class space    used 5930K, committed 6080K, reserved 1048576K
}

